build/app/outputs/mapping/release/seeds.txt
com.example.sobatbisnis_assesment.MainActivity
com.example.sobatbisnis_assesment.MainActivity: MainActivity()
...
io.flutter.view.AccessibilityViewEmbedder: boolean performAction(int,int,android.os.Bundle)
io.flutter.plugin.platform.SingleViewPresentation: io.flutter.plugin.platform.AccessibilityEventsDelegate accessibilityEventsDelegate
io.flutter.embedding.engine.FlutterJNI: void markTextureFrameAvailable(long)
io.flutter.plugins.GeneratedPluginRegistrant
io.flutter.embedding.engine.mutatorsstack.FlutterMutatorsStack: java.util.List getFinalClippingPaths()
io.flutter.embedding.engine.FlutterOverlaySurface: int getId()
androidx.core.app.CoreComponentFactory
io.flutter.embedding.android.FlutterTextureView
io.flutter.embedding.engine.FlutterJNI: void setLocalizationPlugin(io.flutter.plugin.localization.LocalizationPlugin)
io.flutter.embedding.engine.FlutterJNI: void onDisplayOverlaySurface(int,int,int,int,int)
android.support.v4.graphics.drawable.IconCompatParcelizer: IconCompatParcelizer()
io.flutter.embedding.engine.systemchannels.PlatformChannel$HapticFeedbackType: io.flutter.embedding.engine.systemchannels.PlatformChannel$HapticFeedbackType[] values()
io.flutter.embedding.engine.FlutterJNI: android.os.Looper mainLooper
io.flutter.view.FlutterCallbackInformation: java.lang.String callbackClassName
io.flutter.view.AccessibilityViewEmbedder: java.util.Map originToFlutterId
io.flutter.embedding.engine.FlutterJNI: java.util.Set engineLifecycleListeners
io.flutter.embedding.engine.FlutterJNI: boolean isAttached()
io.flutter.view.AccessibilityViewEmbedder: boolean requestSendAccessibilityEvent(android.view.View,android.view.View,android.view.accessibility.AccessibilityEvent)
io.flutter.view.AccessibilityViewEmbedder: android.view.accessibility.AccessibilityNodeInfo getRootNode(android.view.View,int,android.graphics.Rect)
io.flutter.embedding.engine.mutatorsstack.FlutterMutatorsStack: android.graphics.Matrix finalMatrix
androidx.versionedparcelable.ParcelImpl: android.os.Parcelable$Creator CREATOR
io.flutter.embedding.engine.FlutterJNI: void setPlatformMessageHandler(io.flutter.embedding.engine.dart.PlatformMessageHandler)
com.google.common.util.concurrent.AbstractFuture: com.google.common.util.concurrent.AbstractFuture$Listener listeners
io.flutter.plugin.platform.SingleViewPresentation: int viewId
io.flutter.embedding.android.FlutterSplashView$SavedState: FlutterSplashView$SavedState(android.os.Parcelable)
io.flutter.embedding.engine.systemchannels.PlatformChannel$Brightness: io.flutter.embedding.engine.systemchannels.PlatformChannel$Brightness valueOf(java.lang.String)
io.flutter.embedding.engine.mutatorsstack.FlutterMutatorView: android.graphics.Matrix getPlatformViewMatrix()
io.flutter.plugin.editing.ImeSyncDeferringInsetsCallback$AnimationCallback: android.view.WindowInsets onProgress(android.view.WindowInsets,java.util.List)
io.flutter.embedding.engine.systemchannels.PlatformChannel$HapticFeedbackType: io.flutter.embedding.engine.systemchannels.PlatformChannel$HapticFeedbackType valueOf(java.lang.String)
io.flutter.view.FlutterCallbackInformation: java.lang.String callbackName
com.google.common.util.concurrent.AbstractFuture: com.google.common.util.concurrent.AbstractFuture$Waiter waiters
androidx.core.app.RemoteActionCompat
io.flutter.embedding.engine.FlutterJNI: void onEndFrame()
io.flutter.embedding.engine.FlutterJNI: io.flutter.embedding.engine.FlutterJNI$AccessibilityDelegate accessibilityDelegate
io.flutter.embedding.engine.renderer.SurfaceTextureWrapper: SurfaceTextureWrapper(android.graphics.SurfaceTexture)
io.flutter.plugin.editing.ImeSyncDeferringInsetsCallback$AnimationCallback: void onEnd(android.view.WindowInsetsAnimation)
io.flutter.embedding.android.FlutterImageView$SurfaceKind: io.flutter.embedding.android.FlutterImageView$SurfaceKind[] values()
androidx.core.graphics.drawable.IconCompatParcelizer: IconCompatParcelizer()
io.flutter.embedding.engine.FlutterJNI: void unregisterTexture(long)