build/app/outputs/mapping/release/mapping.txt
# compiler: R8
# compiler_version: 2.1.62
# min_api: 16
# pg_map_id: 6b25369
# common_typos_disable
...
io.flutter.embedding.engine.FlutterEngineConnectionRegistry -> io.flutter.embedding.engine.d:
    io.flutter.embedding.engine.FlutterEngineConnectionRegistry$FlutterEngineBroadcastReceiverPluginBinding broadcastReceiverPluginBinding -> n
    io.flutter.embedding.android.ExclusiveAppComponent exclusiveActivity -> f
    io.flutter.embedding.engine.plugins.FlutterPlugin$FlutterPluginBinding pluginBinding -> c
    java.util.Map contentProviderAwarePlugins -> o
    java.util.Map plugins -> a
    android.app.Activity activity -> e
    android.app.Service service -> j
    io.flutter.embedding.engine.FlutterEngineConnectionRegistry$FlutterEngineServicePluginBinding servicePluginBinding -> k
    io.flutter.embedding.engine.FlutterEngineConnectionRegistry$FlutterEngineContentProviderPluginBinding contentProviderPluginBinding -> q
    java.util.Map activityAwarePlugins -> d
    java.util.Map serviceAwarePlugins -> i
    io.flutter.embedding.engine.FlutterEngine flutterEngine -> b
    boolean isWaitingForActivityReattachment -> h
    java.util.Map broadcastReceiverAwarePlugins -> l
    android.content.ContentProvider contentProvider -> p
    io.flutter.embedding.engine.FlutterEngineConnectionRegistry$FlutterEngineActivityPluginBinding activityPluginBinding -> g
    android.content.BroadcastReceiver broadcastReceiver -> m
    void onRestoreInstanceState(android.os.Bundle) -> a
    boolean onRequestPermissionsResult(int,java.lang.String[],int[]) -> b
io.flutter.embedding.engine.FlutterEngineConnectionRegistry$1 -> io.flutter.embedding.engine.d$a:
io.flutter.embedding.engine.FlutterEngineConnectionRegistry$DefaultFlutterAssets -> io.flutter.embedding.engine.d$b:
io.flutter.embedding.engine.FlutterEngineConnectionRegistry$FlutterEngineActivityPluginBinding -> io.flutter.embedding.engine.d$c:
    java.util.Set onNewIntentListeners -> c
    java.util.Set onUserLeaveHintListeners -> d
    java.util.Set onSaveInstanceStateListeners -> e
    java.util.Set onRequestPermissionsResultListeners -> a
    java.util.Set onActivityResultListeners -> b
    boolean onActivityResult(int,int,android.content.Intent) -> a
    void onNewIntent(android.content.Intent) -> b
    boolean onRequestPermissionsResult(int,java.lang.String[],int[]) -> c
    void onRestoreInstanceState(android.os.Bundle) -> d
    void onSaveInstanceState(android.os.Bundle) -> e
    void onUserLeaveHint() -> f
io.flutter.embedding.engine.FlutterEngineConnectionRegistry$FlutterEngineBroadcastReceiverPluginBinding -> io.flutter.embedding.engine.d$d:
io.flutter.embedding.engine.FlutterEngineConnectionRegistry$FlutterEngineContentProviderPluginBinding -> io.flutter.embedding.engine.d$e:
io.flutter.embedding.engine.FlutterEngineConnectionRegistry$FlutterEngineServicePluginBinding -> io.flutter.embedding.engine.d$f:
io.flutter.embedding.engine.FlutterJNI -> io.flutter.embedding.engine.FlutterJNI:
    void lambda$decodeImage$0(long,android.graphics.ImageDecoder,android.graphics.ImageDecoder$ImageInfo,android.graphics.ImageDecoder$Source) -> a
io.flutter.embedding.engine.FlutterJNI$AccessibilityDelegate -> io.flutter.embedding.engine.FlutterJNI$a:
    void updateSemantics(java.nio.ByteBuffer,java.lang.String[],java.nio.ByteBuffer[]) -> a
    void updateCustomAccessibilityActions(java.nio.ByteBuffer,java.lang.String[]) -> b
io.flutter.embedding.engine.FlutterJNI$AsyncWaitForVsyncDelegate -> io.flutter.embedding.engine.FlutterJNI$b:
    void asyncWaitForVsync(long) -> a
io.flutter.embedding.engine.FlutterJNI$Factory -> io.flutter.embedding.engine.FlutterJNI$c:
    io.flutter.embedding.engine.FlutterJNI provideFlutterJNI() -> a
io.flutter.embedding.engine.FlutterShellArgs -> io.flutter.embedding.engine.e:
    java.util.Set args -> a
    io.flutter.embedding.engine.FlutterShellArgs fromIntent(android.content.Intent) -> a
    java.lang.String[] toArray() -> b