build/app/outputs/mapping/release/usage.txt
com.example.sobatbisnis_assesment.R$layout
com.example.sobatbisnis_assesment.R$drawable
com.example.sobatbisnis_assesment.R
com.example.sobatbisnis_assesment.R$color
com.example.sobatbisnis_assesment.R$attr
com.example.sobatbisnis_assesment.R$string
com.example.sobatbisnis_assesment.R$integer
com.example.sobatbisnis_assesment.R$mipmap
com.example.sobatbisnis_assesment.R$dimen
com.example.sobatbisnis_assesment.R$id
com.example.sobatbisnis_assesment.BuildConfig
com.example.sobatbisnis_assesment.R$style
com.example.sobatbisnis_assesment.R$styleable
...
kotlin.ULongKt
kotlin.jvm.internal.ArrayFloatIterator
kotlin.jvm.internal.Lambda
io.flutter.embedding.engine.dart.DartMessenger:
    public int getPendingChannelResponseCount()
    private static final java.lang.String TAG
com.google.common.collect.ImmutableMapEntrySet
com.google.common.util.concurrent.ServiceManager$1
androidx.loader.R$string
com.google.common.cache.ForwardingLoadingCache$SimpleForwardingLoadingCache
com.google.common.hash.AbstractCompositeHashFunction
androidx.core.os.LocaleListCompat
androidx.lifecycle.ClassesInfoCache$MethodReference
com.google.common.collect.Multimaps$UnmodifiableMultimap
com.google.common.collect.AllEqualOrdering
androidx.core.view.ViewCompat$UnhandledKeyEventManager
kotlin.contracts.ReturnsNotNull
com.google.common.collect.StandardTable$ColumnMap$ColumnMapValues
androidx.core.provider.FontsContractCompat$4$9
androidx.annotation.AnyRes
com.google.common.collect.LinkedHashMultimap$1
com.google.common.collect.MapMakerInternalMap$KeySet
com.google.common.hash.HashCode$IntHashCode
com.google.common.graph.MultiEdgesConnecting
kotlin.coroutines.experimental.intrinsics.IntrinsicsKt__IntrinsicsKt
kotlin.coroutines.intrinsics.IntrinsicsKt__IntrinsicsJvmKt$createCoroutineUnintercepted$$inlined$createCoroutineFromSuspendFunction$IntrinsicsKt__IntrinsicsJvmKt$4
android.support.v4.app.INotificationSideChannel$Stub
androidx.core.app.JobIntentService$JobServiceEngineImpl
kotlin.jvm.internal.Ref$ByteRef
com.google.common.hash.Hashing$Md5Holder
androidx.core.app.BundleCompat
kotlin.text.StringsKt__StringBuilderKt
com.google.common.graph.ImmutableNetwork
com.google.common.hash.AbstractNonStreamingHashFunction$BufferingHasher
androidx.core.app.NavUtils
androidx.loader.content.CursorLoader
com.google.common.collect.Multisets$DecreasingCount
androidx.core.graphics.ColorUtils
com.google.common.collect.Maps$2
com.google.common.base.Joiner$2
androidx.core.content.res.ResourcesCompat:
    public static android.graphics.drawable.Drawable getDrawableForDensity(android.content.res.Resources,int,int,android.content.res.Resources$Theme)
    public static int getColor(android.content.res.Resources,int,android.content.res.Resources$Theme)
    public static android.content.res.ColorStateList getColorStateList(android.content.res.Resources,int,android.content.res.Resources$Theme)
    public static float getFloat(android.content.res.Resources,int)
    public static android.graphics.Typeface getFont(android.content.Context,int)
    public static void getFont(android.content.Context,int,androidx.core.content.res.ResourcesCompat$FontCallback,android.os.Handler)
    public static android.graphics.Typeface getFont(android.content.Context,int,android.util.TypedValue,int,androidx.core.content.res.ResourcesCompat$FontCallback)
    private static android.graphics.Typeface loadFont(android.content.Context,int,android.util.TypedValue,int,androidx.core.content.res.ResourcesCompat$FontCallback,android.os.Handler,boolean)
    private static android.graphics.Typeface loadFont(android.content.Context,android.content.res.Resources,android.util.TypedValue,int,int,androidx.core.content.res.ResourcesCompat$FontCallback,android.os.Handler,boolean)
    private void <init>()
    private static final java.lang.String TAG
io.flutter.view.FlutterView$1
com.google.common.util.concurrent.CycleDetectingLockFactory$ExampleStackTrace
com.google.common.collect.SortedMultisets
org.jetbrains.annotations.Contract
com.google.common.collect.UnmodifiableSortedMultiset
com.google.common.cache.LocalCache$Strength
com.google.common.collect.Maps$SortedKeySet
androidx.fragment.app.FragmentTransitionImpl
com.google.common.collect.Multisets$AbstractEntry
androidx.core.view.ViewCompat$3
androidx.arch.core.executor.TaskExecutor
androidx.core.net.DatagramSocketWrapper$DatagramSocketImplWrapper
androidx.core.graphics.PathSegment
com.google.common.io.ByteArrayDataOutput
com.google.common.collect.AbstractMapBasedMultiset$1
com.google.common.net.MediaType$2